<?xml version="1.0" encoding="UTF-8"?>
<!-- Generated by org.testng.reporters.JUnitReportReporter -->
<testsuite skipped="1" hostname="LAPTOP-LHHRG2RM" name="testNGassignment.Office" tests="2" failures="0" timestamp="2021-03-23T13:32:07 IST" time="0.001" errors="0">
  <testcase name="Desk" time="0.001" classname="testNGassignment.Office"/>
  <system-out/>
  <testcase name="Staff" classname="testNGassignment.Office">
    <skipped/>
  </testcase> <!-- Staff -->
  <system-out/>
</testsuite> <!-- testNGassignment.Office -->
