<?xml version="1.0" encoding="UTF-8"?>
<!-- Generated by org.testng.reporters.JUnitReportReporter -->
<testsuite skipped="2" hostname="LAPTOP-LHHRG2RM" name="testNGassignment.School" tests="4" failures="0" timestamp="2021-03-23T13:32:07 IST" time="0.005" errors="0">
  <testcase name="bulk" time="0.004" classname="testNGassignment.School"/>
  <system-out/>
  <testcase name="books" time="0.001" classname="testNGassignment.School"/>
  <system-out/>
  <testcase name="Teacher" classname="testNGassignment.School">
    <skipped/>
  </testcase> <!-- Teacher -->
  <system-out/>
  <testcase name="Class" classname="testNGassignment.School">
    <skipped/>
  </testcase> <!-- Class -->
  <system-out/>
</testsuite> <!-- testNGassignment.School -->
