<?xml version="1.0" encoding="UTF-8"?>
<!-- Generated by org.testng.reporters.JUnitReportReporter -->
<testsuite skipped="0" hostname="LAPTOP-LHHRG2RM" name="testNGassignment.Banking" tests="1" failures="0" timestamp="2021-03-23T12:47:56 IST" time="0.004" errors="0">
  <testcase name="Cash" time="0.004" classname="testNGassignment.Banking"/>
  <system-out/>
</testsuite> <!-- testNGassignment.Banking -->
